<?xml version="1.0" encoding="UTF-8"?>
<!-- Generated by org.testng.reporters.JUnitXMLReporter -->
<testsuite ignored="0" hostname="MT-31196458H" failures="1" tests="1" name="Default test" time="6.897" errors="0" timestamp="2021-11-19T23:40:38 IST">
  <testcase classname="io.cucumber.testng.AbstractTestNGCucumberTests" name="runScenario" time="6.47">
    <failure type="java.lang.NullPointerException" message="Cannot invoke &amp;quot;com.aventstack.extentreports.ExtentTest.info(String)&amp;quot; because &amp;quot;stepDefinations.NewsletterDefination.test&amp;quot; is null">
      <![CDATA[java.lang.NullPointerException: Cannot invoke "com.aventstack.extentreports.ExtentTest.info(String)" because "stepDefinations.NewsletterDefination.test" is null
at stepDefinations.NewsletterDefination.enter_the_email_in_the_newsletter_section_and_click_on_signup_button(NewsletterDefination.java:26)
at ✽.Enter the email "s4romitraj@gmail.com" in the Newsletter section and click on signup button(file:///C:/Users/M1073121/eclipse-workspace/bigsmallBDD/src/test/java/features/Newsletter_locator.feature:6)
]]>
    </failure>
  </testcase> <!-- runScenario -->
</testsuite> <!-- Default test -->
