<?xml version="1.0" encoding="UTF-8"?>
<testsuite xmlns:xsi="http://www.w3.org/2001/XMLSchema-instance" xsi:noNamespaceSchemaLocation="https://maven.apache.org/surefire/maven-surefire-plugin/xsd/surefire-test-report-3.0.xsd" version="3.0" name="TestSuite" time="242.323" tests="11" errors="0" skipped="0" failures="3">
  <properties>
[...]
</properties>
  <testcase name="runScenario[&quot;BigSmall christmas tab and drop down Validation&quot;, &quot;Optional[BigSmall Site AutoMate]&quot;](1)" classname="cucumberOptions.Testrunner" time="24.23">
    <system-err><![CDATA[Starting ChromeDriver 96.0.4664.35 (8df3babf8da8faa8aacb78f4848ef66a93b4944b-refs/branch-heads/4664@{#680}) on port 15978
Only local connections are allowed.
Please see https://chromedriver.chromium.org/security-considerations for suggestions on keeping ChromeDriver safe.
ChromeDriver was started successfully.
Nov 22, 2021 1:55:04 PM org.openqa.selenium.remote.ProtocolHandshake createSession
INFO: Detected dialect: W3C
]]></system-err>
  </testcase>
  <testcase name="runScenario[&quot;BigSmall Newsletter section validation&quot;, &quot;Optional[BigSmall Site AutoMate]&quot;](2)" classname="cucumberOptions.Testrunner" time="16.115">
    <failure message="expected [Newsletter] but found [404: Page Not Found | Mailchimp]" type="java.lang.AssertionError"><![CDATA[java.lang.AssertionError: expected [Newsletter] but found [404: Page Not Found | Mailchimp]
]]></failure>
    <system-err><![CDATA[Starting ChromeDriver 96.0.4664.35 (8df3babf8da8faa8aacb78f4848ef66a93b4944b-refs/branch-heads/4664@{#680}) on port 2920
Only local connections are allowed.
Please see https://chromedriver.chromium.org/security-considerations for suggestions on keeping ChromeDriver safe.
ChromeDriver was started successfully.
Nov 22, 2021 1:55:31 PM org.openqa.selenium.remote.ProtocolHandshake createSession
INFO: Detected dialect: W3C
]]></system-err>
  </testcase>
  <testcase name="runScenario[&quot;BigSmall Giftcard page Validation&quot;, &quot;Optional[BigSmall Site AutoMate]&quot;](3)" classname="cucumberOptions.Testrunner" time="16.607">
    <system-err><![CDATA[Starting ChromeDriver 96.0.4664.35 (8df3babf8da8faa8aacb78f4848ef66a93b4944b-refs/branch-heads/4664@{#680}) on port 2024
Only local connections are allowed.
Please see https://chromedriver.chromium.org/security-considerations for suggestions on keeping ChromeDriver safe.
ChromeDriver was started successfully.
Nov 22, 2021 1:55:49 PM org.openqa.selenium.remote.ProtocolHandshake createSession
INFO: Detected dialect: W3C
]]></system-err>
  </testcase>
  <testcase name="runScenario[&quot;BigSmall All product tab Validation&quot;, &quot;Optional[BigSmall Site AutoMate]&quot;](4)" classname="cucumberOptions.Testrunner" time="18.538">
    <system-err><![CDATA[Starting ChromeDriver 96.0.4664.35 (8df3babf8da8faa8aacb78f4848ef66a93b4944b-refs/branch-heads/4664@{#680}) on port 39283
Only local connections are allowed.
Please see https://chromedriver.chromium.org/security-considerations for suggestions on keeping ChromeDriver safe.
ChromeDriver was started successfully.
Nov 22, 2021 1:56:05 PM org.openqa.selenium.remote.ProtocolHandshake createSession
INFO: Detected dialect: W3C
]]></system-err>
  </testcase>
  <testcase name="runScenario[&quot;BigSmall Cart checkout page Validation&quot;, &quot;Optional[BigSmall Site AutoMate]&quot;](5)" classname="cucumberOptions.Testrunner" time="25.96">
    <failure message="element not interactable&#10;  (Session info: chrome=96.0.4664.45)&#10;Build info: version: &apos;3.141.59&apos;, revision: &apos;e82be7d358&apos;, time: &apos;2018-11-14T08:17:03&apos;&#10;System info: host: &apos;MT-10CHR93&apos;, ip: &apos;192.168.157.154&apos;, os.name: &apos;Windows 10&apos;, os.arch: &apos;amd64&apos;, os.version: &apos;10.0&apos;, java.version: &apos;16.0.2&apos;&#10;Driver info: org.openqa.selenium.chrome.ChromeDriver&#10;Capabilities {acceptInsecureCerts: false, browserName: chrome, browserVersion: 96.0.4664.45, chrome: {chromedriverVersion: 96.0.4664.35 (8df3babf8da8f..., userDataDir: C:\Users\M1073149\AppData\L...}, goog:chromeOptions: {debuggerAddress: localhost:58071}, javascriptEnabled: true, networkConnectionEnabled: false, pageLoadStrategy: normal, platform: WINDOWS, platformName: WINDOWS, proxy: Proxy(), setWindowRect: true, strictFileInteractability: false, timeouts: {implicit: 0, pageLoad: 300000, script: 30000}, unhandledPromptBehavior: dismiss and notify, webauthn:extension:credBlob: true, webauthn:extension:largeBlob: true, webauthn:virtualAuthenticators: true}&#10;Session ID: 2c1bceccda992ad0095891dec3d99750" type="org.openqa.selenium.ElementNotInteractableException"><![CDATA[org.openqa.selenium.ElementNotInteractableException: 
element not interactable
  (Session info: chrome=96.0.4664.45)
Build info: version: '3.141.59', revision: 'e82be7d358', time: '2018-11-14T08:17:03'
System info: host: 'MT-10CHR93', ip: '192.168.157.154', os.name: 'Windows 10', os.arch: 'amd64', os.version: '10.0', java.version: '16.0.2'
Driver info: org.openqa.selenium.chrome.ChromeDriver
Capabilities {acceptInsecureCerts: false, browserName: chrome, browserVersion: 96.0.4664.45, chrome: {chromedriverVersion: 96.0.4664.35 (8df3babf8da8f..., userDataDir: C:\Users\M1073149\AppData\L...}, goog:chromeOptions: {debuggerAddress: localhost:58071}, javascriptEnabled: true, networkConnectionEnabled: false, pageLoadStrategy: normal, platform: WINDOWS, platformName: WINDOWS, proxy: Proxy(), setWindowRect: true, strictFileInteractability: false, timeouts: {implicit: 0, pageLoad: 300000, script: 30000}, unhandledPromptBehavior: dismiss and notify, webauthn:extension:credBlob: true, webauthn:extension:largeBlob: true, webauthn:virtualAuthenticators: true}
Session ID: 2c1bceccda992ad0095891dec3d99750
]]></failure>
    <system-err><![CDATA[Starting ChromeDriver 96.0.4664.35 (8df3babf8da8faa8aacb78f4848ef66a93b4944b-refs/branch-heads/4664@{#680}) on port 45911
Only local connections are allowed.
Please see https://chromedriver.chromium.org/security-considerations for suggestions on keeping ChromeDriver safe.
ChromeDriver was started successfully.
Nov 22, 2021 1:56:28 PM org.openqa.selenium.remote.ProtocolHandshake createSession
INFO: Detected dialect: W3C
]]></system-err>
  </testcase>
  <testcase name="runScenario[&quot;BigSmall contact page Validation&quot;, &quot;Optional[BigSmall Site AutoMate]&quot;](6)" classname="cucumberOptions.Testrunner" time="20.923">
    <system-err><![CDATA[Starting ChromeDriver 96.0.4664.35 (8df3babf8da8faa8aacb78f4848ef66a93b4944b-refs/branch-heads/4664@{#680}) on port 26227
Only local connections are allowed.
Please see https://chromedriver.chromium.org/security-considerations for suggestions on keeping ChromeDriver safe.
ChromeDriver was started successfully.
Nov 22, 2021 1:56:54 PM org.openqa.selenium.remote.ProtocolHandshake createSession
INFO: Detected dialect: W3C
]]></system-err>
  </testcase>
  <testcase name="runScenario[&quot;HomePage Validation&quot;, &quot;Optional[BigSmall Site AutoMate]&quot;](7)" classname="cucumberOptions.Testrunner" time="11.367">
    <system-err><![CDATA[Starting ChromeDriver 96.0.4664.35 (8df3babf8da8faa8aacb78f4848ef66a93b4944b-refs/branch-heads/4664@{#680}) on port 21849
Only local connections are allowed.
Please see https://chromedriver.chromium.org/security-considerations for suggestions on keeping ChromeDriver safe.
ChromeDriver was started successfully.
Nov 22, 2021 1:57:15 PM org.openqa.selenium.remote.ProtocolHandshake createSession
INFO: Detected dialect: W3C
]]></system-err>
  </testcase>
  <testcase name="runScenario[&quot;BigSmall Hover Action Validation&quot;, &quot;Optional[BigSmall Site AutoMate]&quot;](8)" classname="cucumberOptions.Testrunner" time="20.148">
    <system-err><![CDATA[Starting ChromeDriver 96.0.4664.35 (8df3babf8da8faa8aacb78f4848ef66a93b4944b-refs/branch-heads/4664@{#680}) on port 20920
Only local connections are allowed.
Please see https://chromedriver.chromium.org/security-considerations for suggestions on keeping ChromeDriver safe.
ChromeDriver was started successfully.
Nov 22, 2021 1:57:27 PM org.openqa.selenium.remote.ProtocolHandshake createSession
INFO: Detected dialect: W3C
]]></system-err>
  </testcase>
  <testcase name="runScenario[&quot;BigSmall Loginpage Validation&quot;, &quot;Optional[BigSmall Site AutoMate]&quot;](9)" classname="cucumberOptions.Testrunner" time="32.599">
    <failure message="no such element: Unable to locate element: {&quot;method&quot;:&quot;xpath&quot;,&quot;selector&quot;:&quot;//a[@id=&apos;customer_logout_link&apos;]&quot;}&#10;  (Session info: chrome=96.0.4664.45)&#10;For documentation on this error, please visit: https://www.seleniumhq.org/exceptions/no_such_element.html&#10;Build info: version: &apos;3.141.59&apos;, revision: &apos;e82be7d358&apos;, time: &apos;2018-11-14T08:17:03&apos;&#10;System info: host: &apos;MT-10CHR93&apos;, ip: &apos;192.168.157.154&apos;, os.name: &apos;Windows 10&apos;, os.arch: &apos;amd64&apos;, os.version: &apos;10.0&apos;, java.version: &apos;16.0.2&apos;&#10;Driver info: org.openqa.selenium.chrome.ChromeDriver&#10;Capabilities {acceptInsecureCerts: false, browserName: chrome, browserVersion: 96.0.4664.45, chrome: {chromedriverVersion: 96.0.4664.35 (8df3babf8da8f..., userDataDir: C:\Users\M1073149\AppData\L...}, goog:chromeOptions: {debuggerAddress: localhost:59042}, javascriptEnabled: true, networkConnectionEnabled: false, pageLoadStrategy: normal, platform: WINDOWS, platformName: WINDOWS, proxy: Proxy(), setWindowRect: true, strictFileInteractability: false, timeouts: {implicit: 0, pageLoad: 300000, script: 30000}, unhandledPromptBehavior: dismiss and notify, webauthn:extension:credBlob: true, webauthn:extension:largeBlob: true, webauthn:virtualAuthenticators: true}&#10;Session ID: cbd51416cc0c4ac3c82e8238ae3277c8&#10;*** Element info: {Using=xpath, value=//a[@id=&apos;customer_logout_link&apos;]}" type="org.openqa.selenium.NoSuchElementException"><![CDATA[org.openqa.selenium.NoSuchElementException: 
no such element: Unable to locate element: {"method":"xpath","selector":"//a[@id='customer_logout_link']"}
  (Session info: chrome=96.0.4664.45)
For documentation on this error, please visit: https://www.seleniumhq.org/exceptions/no_such_element.html
Build info: version: '3.141.59', revision: 'e82be7d358', time: '2018-11-14T08:17:03'
System info: host: 'MT-10CHR93', ip: '192.168.157.154', os.name: 'Windows 10', os.arch: 'amd64', os.version: '10.0', java.version: '16.0.2'
Driver info: org.openqa.selenium.chrome.ChromeDriver
Capabilities {acceptInsecureCerts: false, browserName: chrome, browserVersion: 96.0.4664.45, chrome: {chromedriverVersion: 96.0.4664.35 (8df3babf8da8f..., userDataDir: C:\Users\M1073149\AppData\L...}, goog:chromeOptions: {debuggerAddress: localhost:59042}, javascriptEnabled: true, networkConnectionEnabled: false, pageLoadStrategy: normal, platform: WINDOWS, platformName: WINDOWS, proxy: Proxy(), setWindowRect: true, strictFileInteractability: false, timeouts: {implicit: 0, pageLoad: 300000, script: 30000}, unhandledPromptBehavior: dismiss and notify, webauthn:extension:credBlob: true, webauthn:extension:largeBlob: true, webauthn:virtualAuthenticators: true}
Session ID: cbd51416cc0c4ac3c82e8238ae3277c8
*** Element info: {Using=xpath, value=//a[@id='customer_logout_link']}
]]></failure>
    <system-err><![CDATA[Starting ChromeDriver 96.0.4664.35 (8df3babf8da8faa8aacb78f4848ef66a93b4944b-refs/branch-heads/4664@{#680}) on port 12046
Only local connections are allowed.
Please see https://chromedriver.chromium.org/security-considerations for suggestions on keeping ChromeDriver safe.
ChromeDriver was started successfully.
Nov 22, 2021 1:57:47 PM org.openqa.selenium.remote.ProtocolHandshake createSession
INFO: Detected dialect: W3C
]]></system-err>
  </testcase>
  <testcase name="runScenario[&quot;BigSmall search tab Validation&quot;, &quot;Optional[BigSmall Site AutoMate]&quot;](10)" classname="cucumberOptions.Testrunner" time="12.513">
    <system-err><![CDATA[Starting ChromeDriver 96.0.4664.35 (8df3babf8da8faa8aacb78f4848ef66a93b4944b-refs/branch-heads/4664@{#680}) on port 29040
Only local connections are allowed.
Please see https://chromedriver.chromium.org/security-considerations for suggestions on keeping ChromeDriver safe.
ChromeDriver was started successfully.
Nov 22, 2021 1:58:20 PM org.openqa.selenium.remote.ProtocolHandshake createSession
INFO: Detected dialect: W3C
]]></system-err>
  </testcase>
  <testcase name="runScenario[&quot;BigSmall wishlist page Validation&quot;, &quot;Optional[BigSmall Site AutoMate]&quot;](11)" classname="cucumberOptions.Testrunner" time="24.778">
    <system-err><![CDATA[Starting ChromeDriver 96.0.4664.35 (8df3babf8da8faa8aacb78f4848ef66a93b4944b-refs/branch-heads/4664@{#680}) on port 47755
Only local connections are allowed.
Please see https://chromedriver.chromium.org/security-considerations for suggestions on keeping ChromeDriver safe.
ChromeDriver was started successfully.
Nov 22, 2021 1:58:33 PM org.openqa.selenium.remote.ProtocolHandshake createSession
INFO: Detected dialect: W3C
]]></system-err>
  </testcase>
</testsuite>